======================================= Line Segments Report =======================================
(437, 348)	(437, 348)
(334, 210)	(334, 210)
(92, 38)	(92, 38)
(347, 512)	(347, 512)
(426, 289)	(426, 289)
(93, 100)	(93, 100)
(59, 434)	(59, 434)
(495, 227)	(495, 227)
(140, 150)	(210, 150)
(419, 416)	(419, 416)
(350, 416)	(350, 416)
(218, 220)	(218, 220)
(177, 292)	(177, 292)
(46, 192)	(46, 192)
(339, 479)	(339, 479)
(462, 477)	(462, 477)
(304, 498)	(304, 498)
(87, 218)	(87, 218)
(10, 150)	(100, 150)
(219, 300)	(219, 300)
(178, 43)	(178, 43)
(352, 322)	(352, 322)
(197, 445)	(197, 445)
(314, 67)	(314, 67)
(145, 38)	(145, 38)
(223, 320)	(223, 320)
(221, 475)	(221, 475)
(178, 221)	(178, 221)
(140, 100)	(210, 100)
(300, 280)	(350, 280)
(359, 87)	(359, 87)
(10, 75)	(100, 75)
(361, 156)	(361, 156)
(429, 87)	(429, 87)
(434, 67)	(434, 67)
(28, 335)	(28, 335)
(79, 473)	(79, 473)
(91, 342)	(91, 342)
(441, 199)	(441, 199)
(72, 316)	(72, 316)
(183, 353)	(183, 353)
======================================= Line Segments Report =======================================
=========================================== Error Report ===========================================
=========================================== Error Report ===========================================
